<?xml version="1.0" encoding="UTF-8"?>
<!-- Generated by org.testng.reporters.JUnitReportReporter -->
<testsuite hostname="DESKTOP-RHIG6R02" failures="0" tests="1" name="getRequest.Test_Post" time="0.019" errors="0" timestamp="2023-03-07T18:08:11 IST" skipped="0">
  <testcase classname="getRequest.Test_Post" name="test_01" time="0.019"/>
  <system-out/>
</testsuite> <!-- getRequest.Test_Post -->
