<?xml version="1.0" encoding="UTF-8"?>
<!-- Generated by org.testng.reporters.JUnitReportReporter -->
<testsuite hostname="DESKTOP-RHIG6R02" failures="0" tests="1" name="getRequest.GetData" time="5.764" errors="0" timestamp="2023-04-26T11:28:22 IST" skipped="0">
  <testcase classname="getRequest.GetData" name="testResponseCode" time="5.764"/>
  <system-out/>
</testsuite> <!-- getRequest.GetData -->
