<?xml version="1.0" encoding="UTF-8"?>
<!-- Generated by org.testng.reporters.JUnitReportReporter -->
<testsuite hostname="DESKTOP-RHIG6R02" failures="0" tests="1" name="getRequest.TestGet" time="3.386" errors="0" timestamp="2023-03-07T16:55:57 IST" skipped="0">
  <testcase classname="getRequest.TestGet" name="test_03" time="3.386"/>
  <system-out/>
</testsuite> <!-- getRequest.TestGet -->
